SF:src/JSONPointer.jl
DA:1,2
LH:1
LF:1
end_of_record
SF:src/pointer.jl
DA:4,94
DA:14,13
DA:15,13
DA:16,6
DA:17,12
DA:20,13
DA:24,97
DA:25,86
DA:27,11
DA:28,11
DA:29,11
DA:30,1
DA:31,10
DA:32,1
DA:33,9
DA:34,2
DA:35,7
DA:36,2
DA:37,5
DA:38,2
DA:39,3
DA:40,1
DA:42,2
DA:83,105
DA:87,310
DA:88,25
DA:90,104
DA:91,3
DA:93,202
DA:94,1
DA:96,197
DA:100,100
DA:101,3
DA:103,97
DA:104,190
DA:105,217
DA:106,51
DA:107,51
DA:108,3
DA:110,51
DA:111,2
DA:113,166
DA:114,3
DA:115,163
DA:116,343
DA:119,93
DA:122,66
DA:124,16
DA:126,0
DA:127,0
DA:130,0
DA:131,0
DA:133,0
DA:134,0
DA:136,7
DA:137,2
DA:140,1
DA:141,1
DA:142,0
DA:144,2
DA:145,1
DA:146,0
DA:148,1
DA:149,1
DA:150,3
DA:151,3
DA:152,3
DA:155,1
DA:156,1
DA:159,1
DA:163,41
DA:165,156
DA:168,1
DA:176,1
DA:179,24
DA:180,132
DA:181,6
DA:183,79
DA:185,18
DA:188,57
DA:191,10
DA:194,0
DA:198,2
DA:201,57
DA:205,57
DA:206,189
DA:208,52
DA:214,3
DA:215,1
DA:217,2
DA:219,0
DA:220,0
DA:221,0
DA:223,0
DA:225,0
DA:230,5
DA:231,1
DA:232,1
DA:233,1
DA:234,1
DA:235,1
DA:236,0
DA:237,0
DA:239,24
DA:241,17
DA:243,8
DA:244,8
DA:245,8
DA:247,2
DA:255,22
DA:256,22
DA:257,22
DA:259,22
DA:265,44
DA:266,24
DA:271,3
DA:277,9
DA:278,4
DA:280,8
DA:285,28
DA:286,56
DA:287,69
DA:288,66
DA:289,61
DA:290,21
DA:292,82
DA:295,25
DA:296,23
LH:112
LF:128
end_of_record
SF:src/pointerdict.jl
DA:15,0
DA:16,11
DA:17,0
DA:19,0
DA:20,0
DA:21,0
DA:22,0
DA:24,0
DA:27,11
DA:28,11
DA:29,42
DA:30,20
DA:32,53
DA:35,11
DA:37,0
DA:40,0
DA:41,0
DA:43,2
DA:44,0
DA:45,0
DA:46,0
DA:49,0
DA:50,0
DA:52,0
DA:53,0
DA:55,0
DA:56,0
DA:57,0
DA:59,0
DA:60,0
DA:61,0
DA:64,0
DA:65,0
DA:66,0
DA:70,20
DA:73,3
DA:75,0
DA:76,0
DA:78,0
DA:79,0
DA:82,0
DA:83,0
DA:85,0
DA:86,0
DA:88,0
DA:89,0
DA:91,0
DA:92,0
DA:96,4
DA:99,51
DA:101,0
DA:102,0
DA:105,8
DA:108,0
DA:110,0
DA:111,0
DA:113,0
DA:115,0
DA:116,20
DA:117,0
DA:118,0
DA:119,0
DA:121,0
DA:124,0
DA:126,0
DA:127,0
DA:128,0
DA:129,0
DA:130,0
DA:131,0
DA:133,0
DA:137,0
DA:138,0
DA:139,0
DA:140,0
DA:141,0
DA:142,0
DA:143,0
DA:144,0
DA:146,0
DA:151,0
DA:152,0
DA:153,0
DA:154,0
DA:155,0
LH:14
LF:85
end_of_record
