SF:src/JSONPointer.jl
DA:1,3
LH:1
LF:1
end_of_record
SF:src/pointer.jl
DA:4,114
DA:14,13
DA:15,13
DA:16,6
DA:17,12
DA:20,13
DA:24,117
DA:25,106
DA:27,11
DA:28,11
DA:29,11
DA:30,1
DA:31,10
DA:32,1
DA:33,9
DA:34,2
DA:35,7
DA:36,2
DA:37,5
DA:38,2
DA:39,3
DA:40,1
DA:42,2
DA:83,125
DA:87,370
DA:88,25
DA:90,124
DA:91,3
DA:93,242
DA:94,1
DA:96,237
DA:100,120
DA:101,3
DA:103,117
DA:104,230
DA:105,251
DA:106,57
DA:107,57
DA:108,3
DA:110,57
DA:111,2
DA:113,194
DA:114,3
DA:115,191
DA:116,391
DA:119,113
DA:122,92
DA:124,16
DA:126,0
DA:127,0
DA:130,0
DA:131,0
DA:134,7
DA:135,2
DA:138,1
DA:139,1
DA:140,0
DA:142,2
DA:143,1
DA:144,0
DA:146,1
DA:147,1
DA:148,3
DA:149,3
DA:150,3
DA:153,1
DA:154,1
DA:157,1
DA:161,44
DA:163,162
DA:166,1
DA:174,1
DA:177,27
DA:178,140
DA:179,9
DA:181,80
DA:183,18
DA:186,60
DA:189,11
DA:192,0
DA:196,2
DA:199,62
DA:203,62
DA:204,202
DA:206,57
DA:212,3
DA:213,1
DA:215,2
DA:218,3
DA:219,0
DA:221,3
DA:223,3
DA:228,5
DA:229,1
DA:230,1
DA:231,1
DA:232,1
DA:233,1
DA:234,0
DA:235,0
DA:237,43
DA:239,32
DA:241,8
DA:242,8
DA:243,8
DA:245,2
DA:253,25
DA:254,25
DA:255,24
DA:257,25
DA:263,67
DA:264,43
DA:269,3
DA:275,11
DA:276,4
DA:278,13
DA:283,43
DA:284,86
DA:285,95
DA:286,92
DA:287,76
DA:288,28
DA:290,104
DA:293,40
DA:294,38
LH:115
LF:125
end_of_record
SF:src/pointerdict.jl
DA:15,0
DA:16,23
DA:17,0
DA:20,1
DA:21,2
DA:22,3
DA:24,1
DA:27,17
DA:28,17
DA:29,59
DA:30,32
DA:32,75
DA:35,17
DA:40,1
DA:41,0
DA:43,0
DA:44,0
DA:46,10
DA:48,1
DA:49,1
DA:52,1
DA:53,0
DA:55,1
DA:56,1
DA:59,1
DA:60,1
DA:62,0
DA:64,2
DA:68,1
DA:69,1
DA:73,29
DA:76,3
DA:78,0
DA:79,0
DA:81,0
DA:82,0
DA:86,1
DA:89,3
DA:91,0
DA:92,0
DA:94,0
DA:95,0
DA:99,14
DA:102,56
DA:105,14
DA:108,8
DA:111,11
DA:112,24
DA:114,0
DA:116,9
DA:117,20
DA:118,1
DA:119,0
DA:120,0
DA:122,0
DA:125,0
DA:128,2
DA:129,2
DA:130,2
DA:131,2
DA:132,6
DA:134,2
DA:137,3
DA:138,2
DA:139,0
DA:142,0
DA:143,2
DA:144,0
DA:146,2
LH:46
LF:69
end_of_record
